============================= test session starts ==============================
platform linux -- Python 3.14.4, pytest-9.0.2, pluggy-1.6.0 -- /usr/bin/python3
cachedir: .pytest_cache
rootdir: /home/chris/Projects/context-mode-hermes
configfile: pyproject.toml
testpaths: tests
plugins: anyio-4.13.0, typeguard-4.4.4
collecting ... collected 16 items

tests/test_precompact.py::test_compact_triggers_precompact PASSED        [  6%]
tests/test_precompact.py::test_clear_triggers_precompact PASSED          [ 12%]
tests/test_precompact.py::test_non_compact_does_not_trigger_precompact PASSED [ 18%]
tests/test_precompact.py::test_precompact_fails_open PASSED              [ 25%]
tests/test_register.py::test_register_with_all_ready PASSED              [ 31%]
tests/test_register.py::test_register_without_binary PASSED              [ 37%]
tests/test_routing.py::test_curl_blocked PASSED                          [ 43%]
tests/test_routing.py::test_safe_command_passes PASSED                   [ 50%]
tests/test_routing.py::test_binary_unavailable_fails_open PASSED         [ 56%]
tests/test_routing.py::test_mcp_unavailable_passes_through PASSED        [ 62%]
tests/test_smoke.py::test_plugin_smoke PASSED                            [ 68%]
tests/test_smoke.py::test_plugin_initialization_no_binary PASSED         [ 75%]
tests/test_webfetch.py::test_webfetch_denied_and_redirected PASSED       [ 81%]
tests/test_webfetch.py::test_webfetch_case_insensitive PASSED            [ 87%]
tests/test_webfetch.py::test_webfetch_writes_rejected_marker PASSED      [ 93%]
tests/test_webfetch.py::test_non_webfetch_tool_passes_through PASSED     [100%]

============================== 16 passed in 0.03s ==============================
